[debug] [2026-07-16T01:40:54.975Z] ----------------------------------------------------------------------
[debug] [2026-07-16T01:40:54.977Z] Command:       /Users/ehauga/.nvm/versions/node/v20.20.2/bin/node /Users/ehauga/.npm/_npx/7750544ccf494d8b/node_modules/.bin/firebase projects:list
[debug] [2026-07-16T01:40:54.978Z] CLI Version:   15.24.0
[debug] [2026-07-16T01:40:54.978Z] Platform:      darwin
[debug] [2026-07-16T01:40:54.979Z] Node Version:  v20.20.2
[debug] [2026-07-16T01:40:54.979Z] Detected Agent: antigravity
[debug] [2026-07-16T01:40:54.979Z] Time:          Wed Jul 15 2026 20:40:54 GMT-0500 (Central Daylight Time)
[debug] [2026-07-16T01:40:54.979Z] ----------------------------------------------------------------------
[debug] 
[debug] [2026-07-16T01:40:54.992Z] >>> [apiv2][query] GET https://firebase-public.firebaseio.com/cli.json [none]
[debug] [2026-07-16T01:40:55.176Z] > command requires scopes: ["email","openid","https://www.googleapis.com/auth/cloudplatformprojects.readonly","https://www.googleapis.com/auth/firebase","https://www.googleapis.com/auth/cloud-platform"]
[debug] [2026-07-16T01:40:55.177Z] > authorizing via signed-in user (ezra@beamthink.institute)
[debug] [2026-07-16T01:40:55.179Z] Checked if tokens are valid: false, expires at: 1783983871034
[debug] [2026-07-16T01:40:55.179Z] Checked if tokens are valid: false, expires at: 1783983871034
[debug] [2026-07-16T01:40:55.179Z] > refreshing access token with scopes: []
[debug] [2026-07-16T01:40:55.180Z] >>> [apiv2][query] POST https://www.googleapis.com/oauth2/v3/token [none]
[debug] [2026-07-16T01:40:55.180Z] >>> [apiv2][body] POST https://www.googleapis.com/oauth2/v3/token [omitted]
[debug] [2026-07-16T01:40:55.334Z] <<< [apiv2][status] GET https://firebase-public.firebaseio.com/cli.json 200
[debug] [2026-07-16T01:40:55.334Z] <<< [apiv2][body] GET https://firebase-public.firebaseio.com/cli.json {"cloudBuildErrorAfter":1594252800000,"cloudBuildWarnAfter":1590019200000,"defaultNode10After":1594252800000,"minVersion":"3.0.5","node8DeploysDisabledAfter":1613390400000,"node8RuntimeDisabledAfter":1615809600000,"node8WarnAfter":1600128000000}
[debug] [2026-07-16T01:40:55.365Z] <<< [apiv2][status] POST https://www.googleapis.com/oauth2/v3/token 400
[debug] [2026-07-16T01:40:55.365Z] <<< [apiv2][body] POST https://www.googleapis.com/oauth2/v3/token [omitted]
[error] Authentication Error: Your credentials are no longer valid. Please run firebase login --reauth

For CI servers and headless environments, generate a new token with firebase login:ci
[error] Authentication Error: Your credentials are no longer valid. Please run firebase login --reauth

For CI servers and headless environments, generate a new token with firebase login:ci
[debug] [2026-07-16T01:40:55.365Z] Authentication Error: Your credentials are no longer valid. Please run firebase login --reauth

For CI servers and headless environments, generate a new token with firebase login:ci
[debug] [2026-07-16T01:40:55.428Z] FirebaseError: Authentication Error: Your credentials are no longer valid. Please run firebase login --reauth

For CI servers and headless environments, generate a new token with firebase login:ci
    at invalidCredentialError (/Users/ehauga/.npm/_npx/7750544ccf494d8b/node_modules/firebase-tools/lib/auth.js:176:12)
    at refreshTokens (/Users/ehauga/.npm/_npx/7750544ccf494d8b/node_modules/firebase-tools/lib/auth.js:589:15)
    at process.processTicksAndRejections (node:internal/process/task_queues:95:5)
    at async getAccessToken (/Users/ehauga/.npm/_npx/7750544ccf494d8b/node_modules/firebase-tools/lib/apiv2.js:53:18)
    at async Client.addAuthHeader (/Users/ehauga/.npm/_npx/7750544ccf494d8b/node_modules/firebase-tools/lib/apiv2.js:209:21)
    at async Client.request (/Users/ehauga/.npm/_npx/7750544ccf494d8b/node_modules/firebase-tools/lib/apiv2.js:156:34)
    at async getProjectPage (/Users/ehauga/.npm/_npx/7750544ccf494d8b/node_modules/firebase-tools/lib/management/projects.js:287:17)
    at async getFirebaseProjectPage (/Users/ehauga/.npm/_npx/7750544ccf494d8b/node_modules/firebase-tools/lib/management/projects.js:304:23)
    at async listFirebaseProjects (/Users/ehauga/.npm/_npx/7750544ccf494d8b/node_modules/firebase-tools/lib/management/projects.js:333:29)
    at async Command.actionFn (/Users/ehauga/.npm/_npx/7750544ccf494d8b/node_modules/firebase-tools/lib/commands/projects-list.js:51:20)
[error] 
[error] Error: Failed to list Firebase projects. See firebase-debug.log for more info.
